#-----------------------------------------------------------
# Vivado v2020.2 (64-bit)
# SW Build 3064766 on Wed Nov 18 09:12:45 MST 2020
# IP Build 3064653 on Wed Nov 18 14:17:31 MST 2020
# Start of session at: Mon Sep  6 05:03:15 2021
# Process ID: 9472
# Current directory: E:/LB YCPF2/proj/project_1
# Command line: vivado.exe -gui_launcher_event rodinguilauncherevent10184 E:\LB YCPF2\proj\project_1\project_1.xpr
# Log file: E:/LB YCPF2/proj/project_1/vivado.log
# Journal file: E:/LB YCPF2/proj/project_1\vivado.jou
#-----------------------------------------------------------
start_gui
open_project {E:/LB YCPF2/proj/project_1/project_1.xpr}
WARNING: [filemgmt 56-3] Default IP Output Path : Could not find the directory 'E:/LB YCPF2/proj/project_1/project_1.gen/sources_1'.
Scanning sources...
Finished scanning sources
INFO: [IP_Flow 19-234] Refreshing IP repositories
INFO: [IP_Flow 19-1704] No user IP repositories specified
INFO: [IP_Flow 19-2313] Loaded Vivado IP repository 'E:/Xilinx/Vivado/2020.2/data/ip'.
open_project: Time (s): cpu = 00:00:16 ; elapsed = 00:00:08 . Memory (MB): peak = 1004.953 ; gain = 0.000
update_compile_order -fileset sources_1
reset_run synth_1
launch_runs synth_1 -jobs 2
[Mon Sep  6 05:03:54 2021] Launched synth_1...
Run output will be captured here: E:/LB YCPF2/proj/project_1/project_1.runs/synth_1/runme.log
open_run synth_1 -name synth_1
Design is defaulting to impl run constrset: constrs_1
Design is defaulting to synth run part: xc7k70tfbv676-1
INFO: [Device 21-403] Loading part xc7k70tfbv676-1
Netlist sorting complete. Time (s): cpu = 00:00:00 ; elapsed = 00:00:00.002 . Memory (MB): peak = 1110.027 ; gain = 0.000
INFO: [Netlist 29-17] Analyzing 3 Unisim elements for replacement
INFO: [Netlist 29-28] Unisim Transformation completed in 0 CPU seconds
INFO: [Project 1-479] Netlist was created with Vivado 2020.2
INFO: [Project 1-570] Preparing netlist for logic optimization
INFO: [Opt 31-138] Pushed 0 inverter(s) to 0 load pin(s).
Netlist sorting complete. Time (s): cpu = 00:00:00 ; elapsed = 00:00:00.001 . Memory (MB): peak = 1188.051 ; gain = 0.000
INFO: [Project 1-111] Unisim Transformation Summary:
No Unisim elements were transformed.

open_run: Time (s): cpu = 00:00:19 ; elapsed = 00:00:12 . Memory (MB): peak = 1310.949 ; gain = 305.996
exit
INFO: [Common 17-206] Exiting Vivado at Mon Sep  6 05:08:24 2021...
